mode: set
github.com/s3fs-fuse/s3fs-go/internal/fuse/filesystem.go:35.57,39.2 1 1
github.com/s3fs-fuse/s3fs-go/internal/fuse/filesystem.go:42.57,45.2 2 1
github.com/s3fs-fuse/s3fs-go/internal/fuse/filesystem.go:48.80,52.68 2 1
github.com/s3fs-fuse/s3fs-go/internal/fuse/filesystem.go:52.68,60.3 1 1
github.com/s3fs-fuse/s3fs-go/internal/fuse/filesystem.go:63.2,64.16 2 1
github.com/s3fs-fuse/s3fs-go/internal/fuse/filesystem.go:64.16,67.41 2 1
github.com/s3fs-fuse/s3fs-go/internal/fuse/filesystem.go:67.41,75.4 1 1
github.com/s3fs-fuse/s3fs-go/internal/fuse/filesystem.go:76.3,76.63 1 1
github.com/s3fs-fuse/s3fs-go/internal/fuse/filesystem.go:80.2,81.16 2 1
github.com/s3fs-fuse/s3fs-go/internal/fuse/filesystem.go:81.16,83.3 1 0
github.com/s3fs-fuse/s3fs-go/internal/fuse/filesystem.go:86.2,91.52 5 1
github.com/s3fs-fuse/s3fs-go/internal/fuse/filesystem.go:91.52,95.3 3 0
github.com/s3fs-fuse/s3fs-go/internal/fuse/filesystem.go:96.2,96.50 1 1
github.com/s3fs-fuse/s3fs-go/internal/fuse/filesystem.go:96.50,98.3 1 0
github.com/s3fs-fuse/s3fs-go/internal/fuse/filesystem.go:99.2,99.50 1 1
github.com/s3fs-fuse/s3fs-go/internal/fuse/filesystem.go:99.50,101.3 1 0
github.com/s3fs-fuse/s3fs-go/internal/fuse/filesystem.go:102.2,102.54 1 1
github.com/s3fs-fuse/s3fs-go/internal/fuse/filesystem.go:102.54,104.66 2 1
github.com/s3fs-fuse/s3fs-go/internal/fuse/filesystem.go:104.66,106.4 1 1
github.com/s3fs-fuse/s3fs-go/internal/fuse/filesystem.go:106.9,106.75 1 0
github.com/s3fs-fuse/s3fs-go/internal/fuse/filesystem.go:106.75,108.4 1 0
github.com/s3fs-fuse/s3fs-go/internal/fuse/filesystem.go:111.2,117.8 1 1
github.com/s3fs-fuse/s3fs-go/internal/fuse/filesystem.go:121.85,123.69 2 1
github.com/s3fs-fuse/s3fs-go/internal/fuse/filesystem.go:123.69,125.3 1 1
github.com/s3fs-fuse/s3fs-go/internal/fuse/filesystem.go:127.2,128.16 2 1
github.com/s3fs-fuse/s3fs-go/internal/fuse/filesystem.go:128.16,130.3 1 1
github.com/s3fs-fuse/s3fs-go/internal/fuse/filesystem.go:133.2,136.33 3 1
github.com/s3fs-fuse/s3fs-go/internal/fuse/filesystem.go:136.33,139.25 2 1
github.com/s3fs-fuse/s3fs-go/internal/fuse/filesystem.go:139.25,140.12 1 0
github.com/s3fs-fuse/s3fs-go/internal/fuse/filesystem.go:144.3,147.17 3 1
github.com/s3fs-fuse/s3fs-go/internal/fuse/filesystem.go:147.17,148.12 1 0
github.com/s3fs-fuse/s3fs-go/internal/fuse/filesystem.go:150.3,156.5 3 1
github.com/s3fs-fuse/s3fs-go/internal/fuse/filesystem.go:159.2,159.21 1 1
github.com/s3fs-fuse/s3fs-go/internal/fuse/filesystem.go:163.108,168.14 3 1
github.com/s3fs-fuse/s3fs-go/internal/fuse/filesystem.go:168.14,170.3 1 1
github.com/s3fs-fuse/s3fs-go/internal/fuse/filesystem.go:172.2,173.16 2 1
github.com/s3fs-fuse/s3fs-go/internal/fuse/filesystem.go:173.16,175.3 1 1
github.com/s3fs-fuse/s3fs-go/internal/fuse/filesystem.go:177.2,177.18 1 1
github.com/s3fs-fuse/s3fs-go/internal/fuse/filesystem.go:181.100,185.17 2 1
github.com/s3fs-fuse/s3fs-go/internal/fuse/filesystem.go:185.17,187.38 1 1
github.com/s3fs-fuse/s3fs-go/internal/fuse/filesystem.go:187.38,189.4 1 1
github.com/s3fs-fuse/s3fs-go/internal/fuse/filesystem.go:190.3,190.56 1 1
github.com/s3fs-fuse/s3fs-go/internal/fuse/filesystem.go:194.2,195.16 2 1
github.com/s3fs-fuse/s3fs-go/internal/fuse/filesystem.go:195.16,197.17 1 0
github.com/s3fs-fuse/s3fs-go/internal/fuse/filesystem.go:197.17,201.4 2 0
github.com/s3fs-fuse/s3fs-go/internal/fuse/filesystem.go:203.3,203.38 1 0
github.com/s3fs-fuse/s3fs-go/internal/fuse/filesystem.go:203.38,205.4 1 0
github.com/s3fs-fuse/s3fs-go/internal/fuse/filesystem.go:206.3,206.56 1 0
github.com/s3fs-fuse/s3fs-go/internal/fuse/filesystem.go:210.2,210.36 1 1
github.com/s3fs-fuse/s3fs-go/internal/fuse/filesystem.go:210.36,215.3 3 1
github.com/s3fs-fuse/s3fs-go/internal/fuse/filesystem.go:215.8,220.41 4 1
github.com/s3fs-fuse/s3fs-go/internal/fuse/filesystem.go:220.41,222.4 1 1
github.com/s3fs-fuse/s3fs-go/internal/fuse/filesystem.go:223.3,223.55 1 1
github.com/s3fs-fuse/s3fs-go/internal/fuse/filesystem.go:227.2,234.41 3 1
github.com/s3fs-fuse/s3fs-go/internal/fuse/filesystem.go:234.41,237.26 2 0
github.com/s3fs-fuse/s3fs-go/internal/fuse/filesystem.go:237.26,238.35 1 0
github.com/s3fs-fuse/s3fs-go/internal/fuse/filesystem.go:238.35,239.95 1 0
github.com/s3fs-fuse/s3fs-go/internal/fuse/filesystem.go:239.95,241.6 1 0
github.com/s3fs-fuse/s3fs-go/internal/fuse/filesystem.go:245.3,246.40 2 0
github.com/s3fs-fuse/s3fs-go/internal/fuse/filesystem.go:246.40,247.35 1 0
github.com/s3fs-fuse/s3fs-go/internal/fuse/filesystem.go:247.35,248.95 1 0
github.com/s3fs-fuse/s3fs-go/internal/fuse/filesystem.go:248.95,250.6 1 0
github.com/s3fs-fuse/s3fs-go/internal/fuse/filesystem.go:255.3,255.69 1 0
github.com/s3fs-fuse/s3fs-go/internal/fuse/filesystem.go:257.2,257.81 1 1
github.com/s3fs-fuse/s3fs-go/internal/fuse/filesystem.go:261.88,265.2 2 1
github.com/s3fs-fuse/s3fs-go/internal/fuse/filesystem.go:268.70,271.2 2 1
github.com/s3fs-fuse/s3fs-go/internal/fuse/filesystem.go:274.82,280.16 4 1
github.com/s3fs-fuse/s3fs-go/internal/fuse/filesystem.go:280.16,282.3 1 1
github.com/s3fs-fuse/s3fs-go/internal/fuse/filesystem.go:285.2,285.31 1 1
github.com/s3fs-fuse/s3fs-go/internal/fuse/filesystem.go:285.31,287.17 2 1
github.com/s3fs-fuse/s3fs-go/internal/fuse/filesystem.go:287.17,289.4 1 0
github.com/s3fs-fuse/s3fs-go/internal/fuse/filesystem.go:290.8,293.17 2 1
github.com/s3fs-fuse/s3fs-go/internal/fuse/filesystem.go:293.17,295.4 1 0
github.com/s3fs-fuse/s3fs-go/internal/fuse/filesystem.go:298.3,299.17 2 1
github.com/s3fs-fuse/s3fs-go/internal/fuse/filesystem.go:299.17,301.4 1 0
github.com/s3fs-fuse/s3fs-go/internal/fuse/filesystem.go:305.2,306.16 2 1
github.com/s3fs-fuse/s3fs-go/internal/fuse/filesystem.go:306.16,308.3 1 0
github.com/s3fs-fuse/s3fs-go/internal/fuse/filesystem.go:310.2,310.12 1 1
github.com/s3fs-fuse/s3fs-go/internal/fuse/filesystem.go:314.87,318.45 2 1
github.com/s3fs-fuse/s3fs-go/internal/fuse/filesystem.go:318.45,320.3 1 1
github.com/s3fs-fuse/s3fs-go/internal/fuse/filesystem.go:323.2,324.37 2 1
github.com/s3fs-fuse/s3fs-go/internal/fuse/filesystem.go:324.37,327.38 2 1
github.com/s3fs-fuse/s3fs-go/internal/fuse/filesystem.go:327.38,329.4 1 0
github.com/s3fs-fuse/s3fs-go/internal/fuse/filesystem.go:334.2,344.89 3 1
github.com/s3fs-fuse/s3fs-go/internal/fuse/filesystem.go:348.69,352.45 2 1
github.com/s3fs-fuse/s3fs-go/internal/fuse/filesystem.go:352.45,354.3 1 1
github.com/s3fs-fuse/s3fs-go/internal/fuse/filesystem.go:357.2,358.16 2 1
github.com/s3fs-fuse/s3fs-go/internal/fuse/filesystem.go:358.16,360.3 1 1
github.com/s3fs-fuse/s3fs-go/internal/fuse/filesystem.go:361.2,361.24 1 1
github.com/s3fs-fuse/s3fs-go/internal/fuse/filesystem.go:361.24,363.3 1 0
github.com/s3fs-fuse/s3fs-go/internal/fuse/filesystem.go:366.2,367.16 2 1
github.com/s3fs-fuse/s3fs-go/internal/fuse/filesystem.go:367.16,369.3 1 0
github.com/s3fs-fuse/s3fs-go/internal/fuse/filesystem.go:372.2,373.32 2 1
github.com/s3fs-fuse/s3fs-go/internal/fuse/filesystem.go:373.32,374.28 1 1
github.com/s3fs-fuse/s3fs-go/internal/fuse/filesystem.go:374.28,376.4 1 0
github.com/s3fs-fuse/s3fs-go/internal/fuse/filesystem.go:379.2,379.21 1 1
github.com/s3fs-fuse/s3fs-go/internal/fuse/filesystem.go:379.21,381.3 1 0
github.com/s3fs-fuse/s3fs-go/internal/fuse/filesystem.go:384.2,385.16 2 1
github.com/s3fs-fuse/s3fs-go/internal/fuse/filesystem.go:385.16,389.41 2 0
github.com/s3fs-fuse/s3fs-go/internal/fuse/filesystem.go:389.41,391.4 1 0
github.com/s3fs-fuse/s3fs-go/internal/fuse/filesystem.go:393.3,393.13 1 0
github.com/s3fs-fuse/s3fs-go/internal/fuse/filesystem.go:396.2,396.12 1 1
github.com/s3fs-fuse/s3fs-go/internal/fuse/filetimes.go:11.95,17.37 4 1
github.com/s3fs-fuse/s3fs-go/internal/fuse/filetimes.go:17.37,20.46 2 1
github.com/s3fs-fuse/s3fs-go/internal/fuse/filetimes.go:20.46,22.4 1 1
github.com/s3fs-fuse/s3fs-go/internal/fuse/filetimes.go:25.2,26.11 2 1
github.com/s3fs-fuse/s3fs-go/internal/fuse/filetimes.go:26.11,30.17 3 1
github.com/s3fs-fuse/s3fs-go/internal/fuse/filetimes.go:30.17,33.4 1 0
github.com/s3fs-fuse/s3fs-go/internal/fuse/filetimes.go:34.8,37.17 2 1
github.com/s3fs-fuse/s3fs-go/internal/fuse/filetimes.go:37.17,39.4 1 0
github.com/s3fs-fuse/s3fs-go/internal/fuse/filetimes.go:43.2,48.11 4 1
github.com/s3fs-fuse/s3fs-go/internal/fuse/filetimes.go:48.11,52.17 3 1
github.com/s3fs-fuse/s3fs-go/internal/fuse/filetimes.go:52.17,54.4 1 0
github.com/s3fs-fuse/s3fs-go/internal/fuse/filetimes.go:55.8,58.17 2 1
github.com/s3fs-fuse/s3fs-go/internal/fuse/filetimes.go:58.17,60.4 1 0
github.com/s3fs-fuse/s3fs-go/internal/fuse/filetimes.go:63.2,63.12 1 1
github.com/s3fs-fuse/s3fs-go/internal/fuse/fuse_wrapper.go:22.42,27.2 1 0
github.com/s3fs-fuse/s3fs-go/internal/fuse/fuse_wrapper.go:48.61,50.16 2 0
github.com/s3fs-fuse/s3fs-go/internal/fuse/fuse_wrapper.go:50.16,52.3 1 0
github.com/s3fs-fuse/s3fs-go/internal/fuse/fuse_wrapper.go:53.2,58.12 6 0
github.com/s3fs-fuse/s3fs-go/internal/fuse/fuse_wrapper.go:62.73,64.22 2 0
github.com/s3fs-fuse/s3fs-go/internal/fuse/fuse_wrapper.go:64.22,66.3 1 0
github.com/s3fs-fuse/s3fs-go/internal/fuse/fuse_wrapper.go:67.2,70.16 3 0
github.com/s3fs-fuse/s3fs-go/internal/fuse/fuse_wrapper.go:70.16,72.3 1 0
github.com/s3fs-fuse/s3fs-go/internal/fuse/fuse_wrapper.go:74.2,74.23 1 0
github.com/s3fs-fuse/s3fs-go/internal/fuse/fuse_wrapper.go:74.23,79.3 1 0
github.com/s3fs-fuse/s3fs-go/internal/fuse/fuse_wrapper.go:81.2,84.8 1 0
github.com/s3fs-fuse/s3fs-go/internal/fuse/fuse_wrapper.go:88.70,90.16 2 0
github.com/s3fs-fuse/s3fs-go/internal/fuse/fuse_wrapper.go:90.16,92.3 1 0
github.com/s3fs-fuse/s3fs-go/internal/fuse/fuse_wrapper.go:94.2,95.32 2 0
github.com/s3fs-fuse/s3fs-go/internal/fuse/fuse_wrapper.go:95.32,99.18 2 0
github.com/s3fs-fuse/s3fs-go/internal/fuse/fuse_wrapper.go:99.18,101.4 1 0
github.com/s3fs-fuse/s3fs-go/internal/fuse/fuse_wrapper.go:101.9,103.4 1 0
github.com/s3fs-fuse/s3fs-go/internal/fuse/fuse_wrapper.go:104.3,104.36 1 0
github.com/s3fs-fuse/s3fs-go/internal/fuse/fuse_wrapper.go:107.2,107.21 1 0
github.com/s3fs-fuse/s3fs-go/internal/fuse/fuse_wrapper.go:111.104,112.22 1 0
github.com/s3fs-fuse/s3fs-go/internal/fuse/fuse_wrapper.go:112.22,114.17 2 0
github.com/s3fs-fuse/s3fs-go/internal/fuse/fuse_wrapper.go:114.17,116.4 1 0
github.com/s3fs-fuse/s3fs-go/internal/fuse/fuse_wrapper.go:118.2,118.40 1 0
github.com/s3fs-fuse/s3fs-go/internal/fuse/fuse_wrapper.go:118.40,121.43 3 0
github.com/s3fs-fuse/s3fs-go/internal/fuse/fuse_wrapper.go:121.43,123.18 2 0
github.com/s3fs-fuse/s3fs-go/internal/fuse/fuse_wrapper.go:123.18,124.25 1 0
github.com/s3fs-fuse/s3fs-go/internal/fuse/fuse_wrapper.go:124.25,126.6 1 0
github.com/s3fs-fuse/s3fs-go/internal/fuse/fuse_wrapper.go:127.5,127.25 1 0
github.com/s3fs-fuse/s3fs-go/internal/fuse/fuse_wrapper.go:127.25,129.6 1 0
github.com/s3fs-fuse/s3fs-go/internal/fuse/fuse_wrapper.go:132.3,133.17 2 0
github.com/s3fs-fuse/s3fs-go/internal/fuse/fuse_wrapper.go:133.17,135.4 1 0
github.com/s3fs-fuse/s3fs-go/internal/fuse/fuse_wrapper.go:137.2,138.16 2 0
github.com/s3fs-fuse/s3fs-go/internal/fuse/fuse_wrapper.go:138.16,140.3 1 0
github.com/s3fs-fuse/s3fs-go/internal/fuse/fuse_wrapper.go:141.2,146.12 6 0
github.com/s3fs-fuse/s3fs-go/internal/fuse/fuse_wrapper.go:150.107,152.16 2 0
github.com/s3fs-fuse/s3fs-go/internal/fuse/fuse_wrapper.go:152.16,154.3 1 0
github.com/s3fs-fuse/s3fs-go/internal/fuse/fuse_wrapper.go:155.2,156.12 2 0
github.com/s3fs-fuse/s3fs-go/internal/fuse/fuse_wrapper.go:160.78,162.2 1 0
github.com/s3fs-fuse/s3fs-go/internal/fuse/fuse_wrapper.go:165.84,167.2 1 0
github.com/s3fs-fuse/s3fs-go/internal/fuse/fuse_wrapper.go:170.110,172.16 2 0
github.com/s3fs-fuse/s3fs-go/internal/fuse/fuse_wrapper.go:172.16,174.3 1 0
github.com/s3fs-fuse/s3fs-go/internal/fuse/fuse_wrapper.go:175.2,176.29 2 0
github.com/s3fs-fuse/s3fs-go/internal/fuse/fuse_wrapper.go:176.29,179.3 2 0
github.com/s3fs-fuse/s3fs-go/internal/fuse/fuse_wrapper.go:180.2,181.12 2 0
github.com/s3fs-fuse/s3fs-go/internal/fuse/fuse_wrapper.go:185.83,187.22 2 0
github.com/s3fs-fuse/s3fs-go/internal/fuse/fuse_wrapper.go:187.22,189.3 1 0
github.com/s3fs-fuse/s3fs-go/internal/fuse/fuse_wrapper.go:190.2,193.16 3 0
github.com/s3fs-fuse/s3fs-go/internal/fuse/fuse_wrapper.go:193.16,195.3 1 0
github.com/s3fs-fuse/s3fs-go/internal/fuse/fuse_wrapper.go:197.2,200.8 1 0
github.com/s3fs-fuse/s3fs-go/internal/fuse/fuse_wrapper.go:204.123,206.22 2 0
github.com/s3fs-fuse/s3fs-go/internal/fuse/fuse_wrapper.go:206.22,208.3 1 0
github.com/s3fs-fuse/s3fs-go/internal/fuse/fuse_wrapper.go:209.2,212.16 3 0
github.com/s3fs-fuse/s3fs-go/internal/fuse/fuse_wrapper.go:212.16,214.3 1 0
github.com/s3fs-fuse/s3fs-go/internal/fuse/fuse_wrapper.go:216.2,222.24 3 0
github.com/s3fs-fuse/s3fs-go/internal/fuse/fuse_wrapper.go:226.74,228.22 2 0
github.com/s3fs-fuse/s3fs-go/internal/fuse/fuse_wrapper.go:228.22,230.3 1 0
github.com/s3fs-fuse/s3fs-go/internal/fuse/fuse_wrapper.go:231.2,235.16 3 0
github.com/s3fs-fuse/s3fs-go/internal/fuse/fuse_wrapper.go:235.16,237.3 1 0
github.com/s3fs-fuse/s3fs-go/internal/fuse/fuse_wrapper.go:239.2,239.23 1 0
github.com/s3fs-fuse/s3fs-go/internal/fuse/fuse_wrapper.go:239.23,242.3 1 0
github.com/s3fs-fuse/s3fs-go/internal/fuse/fuse_wrapper.go:245.2,245.44 1 0
github.com/s3fs-fuse/s3fs-go/internal/fuse/fuse_wrapper.go:265.62,267.16 2 0
github.com/s3fs-fuse/s3fs-go/internal/fuse/fuse_wrapper.go:267.16,269.3 1 0
github.com/s3fs-fuse/s3fs-go/internal/fuse/fuse_wrapper.go:270.2,275.12 6 0
github.com/s3fs-fuse/s3fs-go/internal/fuse/fuse_wrapper.go:279.109,281.2 1 0
github.com/s3fs-fuse/s3fs-go/internal/fuse/fuse_wrapper.go:284.96,286.16 2 0
github.com/s3fs-fuse/s3fs-go/internal/fuse/fuse_wrapper.go:286.16,288.3 1 0
github.com/s3fs-fuse/s3fs-go/internal/fuse/fuse_wrapper.go:289.2,290.12 2 0
github.com/s3fs-fuse/s3fs-go/internal/fuse/fuse_wrapper.go:294.99,296.16 2 0
github.com/s3fs-fuse/s3fs-go/internal/fuse/fuse_wrapper.go:296.16,298.3 1 0
github.com/s3fs-fuse/s3fs-go/internal/fuse/fuse_wrapper.go:299.2,300.12 2 0
github.com/s3fs-fuse/s3fs-go/internal/fuse/fuse_wrapper.go:304.105,305.22 1 0
github.com/s3fs-fuse/s3fs-go/internal/fuse/fuse_wrapper.go:305.22,307.17 2 0
github.com/s3fs-fuse/s3fs-go/internal/fuse/fuse_wrapper.go:307.17,309.4 1 0
github.com/s3fs-fuse/s3fs-go/internal/fuse/fuse_wrapper.go:311.2,311.40 1 0
github.com/s3fs-fuse/s3fs-go/internal/fuse/fuse_wrapper.go:311.40,315.43 3 0
github.com/s3fs-fuse/s3fs-go/internal/fuse/fuse_wrapper.go:315.43,317.18 2 0
github.com/s3fs-fuse/s3fs-go/internal/fuse/fuse_wrapper.go:317.18,318.25 1 0
github.com/s3fs-fuse/s3fs-go/internal/fuse/fuse_wrapper.go:318.25,320.6 1 0
github.com/s3fs-fuse/s3fs-go/internal/fuse/fuse_wrapper.go:321.5,321.25 1 0
github.com/s3fs-fuse/s3fs-go/internal/fuse/fuse_wrapper.go:321.25,323.6 1 0
github.com/s3fs-fuse/s3fs-go/internal/fuse/fuse_wrapper.go:326.3,327.17 2 0
github.com/s3fs-fuse/s3fs-go/internal/fuse/fuse_wrapper.go:327.17,329.4 1 0
github.com/s3fs-fuse/s3fs-go/internal/fuse/fuse_wrapper.go:332.2,333.16 2 0
github.com/s3fs-fuse/s3fs-go/internal/fuse/fuse_wrapper.go:333.16,335.3 1 0
github.com/s3fs-fuse/s3fs-go/internal/fuse/fuse_wrapper.go:336.2,341.12 6 0
github.com/s3fs-fuse/s3fs-go/internal/fuse/fuse_wrapper.go:345.108,347.16 2 0
github.com/s3fs-fuse/s3fs-go/internal/fuse/fuse_wrapper.go:347.16,349.3 1 0
github.com/s3fs-fuse/s3fs-go/internal/fuse/fuse_wrapper.go:350.2,351.12 2 0
github.com/s3fs-fuse/s3fs-go/internal/fuse/fuse_wrapper.go:355.79,357.2 1 0
github.com/s3fs-fuse/s3fs-go/internal/fuse/fuse_wrapper.go:360.85,362.2 1 0
github.com/s3fs-fuse/s3fs-go/internal/fuse/fuse_wrapper.go:365.111,367.16 2 0
github.com/s3fs-fuse/s3fs-go/internal/fuse/fuse_wrapper.go:367.16,369.3 1 0
github.com/s3fs-fuse/s3fs-go/internal/fuse/fuse_wrapper.go:371.2,372.29 2 0
github.com/s3fs-fuse/s3fs-go/internal/fuse/fuse_wrapper.go:372.29,375.3 2 0
github.com/s3fs-fuse/s3fs-go/internal/fuse/fuse_wrapper.go:376.2,377.12 2 0
github.com/s3fs-fuse/s3fs-go/internal/fuse/fuse_wrapper.go:381.62,392.16 4 0
github.com/s3fs-fuse/s3fs-go/internal/fuse/fuse_wrapper.go:392.16,394.3 1 0
github.com/s3fs-fuse/s3fs-go/internal/fuse/fuse_wrapper.go:395.2,400.16 4 0
github.com/s3fs-fuse/s3fs-go/internal/fuse/fuse_wrapper.go:400.16,402.3 1 0
github.com/s3fs-fuse/s3fs-go/internal/fuse/fuse_wrapper.go:404.2,404.12 1 0
github.com/s3fs-fuse/s3fs-go/internal/fuse/permissions.go:11.87,16.16 3 1
github.com/s3fs-fuse/s3fs-go/internal/fuse/permissions.go:16.16,18.3 1 0
github.com/s3fs-fuse/s3fs-go/internal/fuse/permissions.go:21.2,21.23 1 1
github.com/s3fs-fuse/s3fs-go/internal/fuse/permissions.go:21.23,23.3 1 1
github.com/s3fs-fuse/s3fs-go/internal/fuse/permissions.go:26.2,34.16 5 0
github.com/s3fs-fuse/s3fs-go/internal/fuse/permissions.go:34.16,36.3 1 0
github.com/s3fs-fuse/s3fs-go/internal/fuse/permissions.go:38.2,38.12 1 0
github.com/s3fs-fuse/s3fs-go/internal/fuse/permissions.go:42.86,47.16 3 1
github.com/s3fs-fuse/s3fs-go/internal/fuse/permissions.go:47.16,49.3 1 0
github.com/s3fs-fuse/s3fs-go/internal/fuse/permissions.go:52.2,52.23 1 1
github.com/s3fs-fuse/s3fs-go/internal/fuse/permissions.go:52.23,54.3 1 1
github.com/s3fs-fuse/s3fs-go/internal/fuse/permissions.go:57.2,65.16 4 0
github.com/s3fs-fuse/s3fs-go/internal/fuse/permissions.go:65.16,67.3 1 0
github.com/s3fs-fuse/s3fs-go/internal/fuse/permissions.go:69.2,69.12 1 0
github.com/s3fs-fuse/s3fs-go/internal/fuse/xattr.go:11.99,17.37 4 1
github.com/s3fs-fuse/s3fs-go/internal/fuse/xattr.go:17.37,20.46 2 1
github.com/s3fs-fuse/s3fs-go/internal/fuse/xattr.go:20.46,22.4 1 1
github.com/s3fs-fuse/s3fs-go/internal/fuse/xattr.go:25.2,26.11 2 1
github.com/s3fs-fuse/s3fs-go/internal/fuse/xattr.go:26.11,30.17 3 1
github.com/s3fs-fuse/s3fs-go/internal/fuse/xattr.go:30.17,33.4 1 0
github.com/s3fs-fuse/s3fs-go/internal/fuse/xattr.go:34.8,37.17 2 1
github.com/s3fs-fuse/s3fs-go/internal/fuse/xattr.go:37.17,39.4 1 0
github.com/s3fs-fuse/s3fs-go/internal/fuse/xattr.go:44.2,50.11 4 1
github.com/s3fs-fuse/s3fs-go/internal/fuse/xattr.go:50.11,54.17 3 1
github.com/s3fs-fuse/s3fs-go/internal/fuse/xattr.go:54.17,56.4 1 0
github.com/s3fs-fuse/s3fs-go/internal/fuse/xattr.go:57.8,60.17 2 1
github.com/s3fs-fuse/s3fs-go/internal/fuse/xattr.go:60.17,62.4 1 0
github.com/s3fs-fuse/s3fs-go/internal/fuse/xattr.go:65.2,65.12 1 1
github.com/s3fs-fuse/s3fs-go/internal/fuse/xattr.go:69.95,75.37 4 1
github.com/s3fs-fuse/s3fs-go/internal/fuse/xattr.go:75.37,78.46 2 1
github.com/s3fs-fuse/s3fs-go/internal/fuse/xattr.go:78.46,80.4 1 1
github.com/s3fs-fuse/s3fs-go/internal/fuse/xattr.go:83.2,84.11 2 1
github.com/s3fs-fuse/s3fs-go/internal/fuse/xattr.go:84.11,88.17 3 1
github.com/s3fs-fuse/s3fs-go/internal/fuse/xattr.go:88.17,90.4 1 0
github.com/s3fs-fuse/s3fs-go/internal/fuse/xattr.go:91.8,94.17 2 1
github.com/s3fs-fuse/s3fs-go/internal/fuse/xattr.go:94.17,96.4 1 0
github.com/s3fs-fuse/s3fs-go/internal/fuse/xattr.go:100.2,102.9 3 1
github.com/s3fs-fuse/s3fs-go/internal/fuse/xattr.go:102.9,104.3 1 1
github.com/s3fs-fuse/s3fs-go/internal/fuse/xattr.go:106.2,106.27 1 1
github.com/s3fs-fuse/s3fs-go/internal/fuse/xattr.go:110.85,116.37 4 1
github.com/s3fs-fuse/s3fs-go/internal/fuse/xattr.go:116.37,119.46 2 1
github.com/s3fs-fuse/s3fs-go/internal/fuse/xattr.go:119.46,121.4 1 1
github.com/s3fs-fuse/s3fs-go/internal/fuse/xattr.go:124.2,125.11 2 1
github.com/s3fs-fuse/s3fs-go/internal/fuse/xattr.go:125.11,129.17 3 1
github.com/s3fs-fuse/s3fs-go/internal/fuse/xattr.go:129.17,131.4 1 0
github.com/s3fs-fuse/s3fs-go/internal/fuse/xattr.go:132.8,135.17 2 1
github.com/s3fs-fuse/s3fs-go/internal/fuse/xattr.go:135.17,137.4 1 0
github.com/s3fs-fuse/s3fs-go/internal/fuse/xattr.go:141.2,143.28 3 1
github.com/s3fs-fuse/s3fs-go/internal/fuse/xattr.go:143.28,144.37 1 1
github.com/s3fs-fuse/s3fs-go/internal/fuse/xattr.go:144.37,147.4 2 1
github.com/s3fs-fuse/s3fs-go/internal/fuse/xattr.go:150.2,150.19 1 1
github.com/s3fs-fuse/s3fs-go/internal/fuse/xattr.go:154.88,160.37 4 1
github.com/s3fs-fuse/s3fs-go/internal/fuse/xattr.go:160.37,163.46 2 1
github.com/s3fs-fuse/s3fs-go/internal/fuse/xattr.go:163.46,165.4 1 1
github.com/s3fs-fuse/s3fs-go/internal/fuse/xattr.go:168.2,169.11 2 1
github.com/s3fs-fuse/s3fs-go/internal/fuse/xattr.go:169.11,173.17 3 1
github.com/s3fs-fuse/s3fs-go/internal/fuse/xattr.go:173.17,175.4 1 0
github.com/s3fs-fuse/s3fs-go/internal/fuse/xattr.go:176.8,179.17 2 1
github.com/s3fs-fuse/s3fs-go/internal/fuse/xattr.go:179.17,181.4 1 0
github.com/s3fs-fuse/s3fs-go/internal/fuse/xattr.go:185.2,186.38 2 1
github.com/s3fs-fuse/s3fs-go/internal/fuse/xattr.go:186.38,188.3 1 0
github.com/s3fs-fuse/s3fs-go/internal/fuse/xattr.go:190.2,193.11 2 1
github.com/s3fs-fuse/s3fs-go/internal/fuse/xattr.go:193.11,197.17 3 1
github.com/s3fs-fuse/s3fs-go/internal/fuse/xattr.go:197.17,199.4 1 0
github.com/s3fs-fuse/s3fs-go/internal/fuse/xattr.go:200.8,203.17 2 1
github.com/s3fs-fuse/s3fs-go/internal/fuse/xattr.go:203.17,205.4 1 0
github.com/s3fs-fuse/s3fs-go/internal/fuse/xattr.go:208.2,208.12 1 1
