mode: set
github.com/s3fs-fuse/s3fs-go/internal/s3client/client.go:27.79,29.2 1 0
github.com/s3fs-fuse/s3fs-go/internal/s3client/client.go:32.101,41.37 2 1
github.com/s3fs-fuse/s3fs-go/internal/s3client/client.go:41.37,52.17 3 1
github.com/s3fs-fuse/s3fs-go/internal/s3client/client.go:52.17,54.22 2 1
github.com/s3fs-fuse/s3fs-go/internal/s3client/client.go:54.22,55.55 1 1
github.com/s3fs-fuse/s3fs-go/internal/s3client/client.go:55.55,58.6 2 1
github.com/s3fs-fuse/s3fs-go/internal/s3client/client.go:60.4,60.57 1 1
github.com/s3fs-fuse/s3fs-go/internal/s3client/client.go:64.2,64.15 1 1
github.com/s3fs-fuse/s3fs-go/internal/s3client/client.go:68.84,69.23 1 1
github.com/s3fs-fuse/s3fs-go/internal/s3client/client.go:69.23,71.3 1 0
github.com/s3fs-fuse/s3fs-go/internal/s3client/client.go:73.2,79.16 3 1
github.com/s3fs-fuse/s3fs-go/internal/s3client/client.go:79.16,81.3 1 0
github.com/s3fs-fuse/s3fs-go/internal/s3client/client.go:83.2,84.38 2 1
github.com/s3fs-fuse/s3fs-go/internal/s3client/client.go:84.38,85.21 1 1
github.com/s3fs-fuse/s3fs-go/internal/s3client/client.go:85.21,87.4 1 1
github.com/s3fs-fuse/s3fs-go/internal/s3client/client.go:90.2,90.18 1 1
github.com/s3fs-fuse/s3fs-go/internal/s3client/client.go:94.77,96.2 1 1
github.com/s3fs-fuse/s3fs-go/internal/s3client/client.go:101.100,102.23 1 1
github.com/s3fs-fuse/s3fs-go/internal/s3client/client.go:102.23,104.3 1 0
github.com/s3fs-fuse/s3fs-go/internal/s3client/client.go:106.2,112.26 2 1
github.com/s3fs-fuse/s3fs-go/internal/s3client/client.go:112.26,114.14 2 1
github.com/s3fs-fuse/s3fs-go/internal/s3client/client.go:114.14,116.4 1 1
github.com/s3fs-fuse/s3fs-go/internal/s3client/client.go:116.9,118.4 1 0
github.com/s3fs-fuse/s3fs-go/internal/s3client/client.go:119.3,119.40 1 1
github.com/s3fs-fuse/s3fs-go/internal/s3client/client.go:122.2,123.16 2 1
github.com/s3fs-fuse/s3fs-go/internal/s3client/client.go:123.16,125.3 1 1
github.com/s3fs-fuse/s3fs-go/internal/s3client/client.go:126.2,129.16 3 1
github.com/s3fs-fuse/s3fs-go/internal/s3client/client.go:129.16,131.3 1 0
github.com/s3fs-fuse/s3fs-go/internal/s3client/client.go:133.2,133.18 1 1
github.com/s3fs-fuse/s3fs-go/internal/s3client/client.go:137.80,139.2 1 1
github.com/s3fs-fuse/s3fs-go/internal/s3client/client.go:142.120,143.23 1 1
github.com/s3fs-fuse/s3fs-go/internal/s3client/client.go:143.23,145.3 1 0
github.com/s3fs-fuse/s3fs-go/internal/s3client/client.go:147.2,155.16 3 1
github.com/s3fs-fuse/s3fs-go/internal/s3client/client.go:155.16,157.3 1 0
github.com/s3fs-fuse/s3fs-go/internal/s3client/client.go:159.2,159.12 1 1
github.com/s3fs-fuse/s3fs-go/internal/s3client/client.go:163.123,164.23 1 0
github.com/s3fs-fuse/s3fs-go/internal/s3client/client.go:164.23,166.3 1 0
github.com/s3fs-fuse/s3fs-go/internal/s3client/client.go:168.2,178.16 4 0
github.com/s3fs-fuse/s3fs-go/internal/s3client/client.go:178.16,180.3 1 0
github.com/s3fs-fuse/s3fs-go/internal/s3client/client.go:182.2,182.12 1 0
github.com/s3fs-fuse/s3fs-go/internal/s3client/client.go:186.70,187.23 1 1
github.com/s3fs-fuse/s3fs-go/internal/s3client/client.go:187.23,189.3 1 0
github.com/s3fs-fuse/s3fs-go/internal/s3client/client.go:191.2,197.16 3 1
github.com/s3fs-fuse/s3fs-go/internal/s3client/client.go:197.16,199.3 1 0
github.com/s3fs-fuse/s3fs-go/internal/s3client/client.go:201.2,201.12 1 1
github.com/s3fs-fuse/s3fs-go/internal/s3client/client.go:205.89,206.23 1 1
github.com/s3fs-fuse/s3fs-go/internal/s3client/client.go:206.23,208.3 1 0
github.com/s3fs-fuse/s3fs-go/internal/s3client/client.go:210.2,216.16 3 1
github.com/s3fs-fuse/s3fs-go/internal/s3client/client.go:216.16,218.3 1 0
github.com/s3fs-fuse/s3fs-go/internal/s3client/client.go:220.2,221.28 2 1
github.com/s3fs-fuse/s3fs-go/internal/s3client/client.go:221.28,222.37 1 1
github.com/s3fs-fuse/s3fs-go/internal/s3client/client.go:222.37,224.4 1 1
github.com/s3fs-fuse/s3fs-go/internal/s3client/client.go:227.2,227.22 1 1
github.com/s3fs-fuse/s3fs-go/internal/s3client/client.go:231.81,232.23 1 1
github.com/s3fs-fuse/s3fs-go/internal/s3client/client.go:232.23,234.3 1 0
github.com/s3fs-fuse/s3fs-go/internal/s3client/client.go:236.2,242.16 3 1
github.com/s3fs-fuse/s3fs-go/internal/s3client/client.go:242.16,244.3 1 0
github.com/s3fs-fuse/s3fs-go/internal/s3client/client.go:246.2,246.33 1 1
github.com/s3fs-fuse/s3fs-go/internal/s3client/client.go:246.33,248.3 1 1
github.com/s3fs-fuse/s3fs-go/internal/s3client/client.go:250.2,250.15 1 0
github.com/s3fs-fuse/s3fs-go/internal/s3client/client.go:254.58,255.23 1 0
github.com/s3fs-fuse/s3fs-go/internal/s3client/client.go:255.23,257.3 1 0
github.com/s3fs-fuse/s3fs-go/internal/s3client/client.go:259.2,264.16 3 0
github.com/s3fs-fuse/s3fs-go/internal/s3client/client.go:264.16,266.3 1 0
github.com/s3fs-fuse/s3fs-go/internal/s3client/client.go:268.2,268.12 1 0
github.com/s3fs-fuse/s3fs-go/internal/s3client/multipart.go:21.89,22.23 1 1
github.com/s3fs-fuse/s3fs-go/internal/s3client/multipart.go:22.23,24.3 1 0
github.com/s3fs-fuse/s3fs-go/internal/s3client/multipart.go:26.2,32.16 3 1
github.com/s3fs-fuse/s3fs-go/internal/s3client/multipart.go:32.16,34.3 1 0
github.com/s3fs-fuse/s3fs-go/internal/s3client/multipart.go:36.2,36.28 1 1
github.com/s3fs-fuse/s3fs-go/internal/s3client/multipart.go:36.28,38.3 1 0
github.com/s3fs-fuse/s3fs-go/internal/s3client/multipart.go:40.2,40.30 1 1
github.com/s3fs-fuse/s3fs-go/internal/s3client/multipart.go:44.119,45.23 1 1
github.com/s3fs-fuse/s3fs-go/internal/s3client/multipart.go:45.23,47.3 1 0
github.com/s3fs-fuse/s3fs-go/internal/s3client/multipart.go:49.2,58.16 3 1
github.com/s3fs-fuse/s3fs-go/internal/s3client/multipart.go:58.16,60.3 1 0
github.com/s3fs-fuse/s3fs-go/internal/s3client/multipart.go:62.2,62.24 1 1
github.com/s3fs-fuse/s3fs-go/internal/s3client/multipart.go:62.24,64.3 1 0
github.com/s3fs-fuse/s3fs-go/internal/s3client/multipart.go:66.2,66.26 1 1
github.com/s3fs-fuse/s3fs-go/internal/s3client/multipart.go:70.120,71.23 1 1
github.com/s3fs-fuse/s3fs-go/internal/s3client/multipart.go:71.23,73.3 1 0
github.com/s3fs-fuse/s3fs-go/internal/s3client/multipart.go:75.2,85.16 3 1
github.com/s3fs-fuse/s3fs-go/internal/s3client/multipart.go:85.16,87.3 1 0
github.com/s3fs-fuse/s3fs-go/internal/s3client/multipart.go:89.2,89.12 1 1
github.com/s3fs-fuse/s3fs-go/internal/s3client/multipart.go:93.88,94.23 1 1
github.com/s3fs-fuse/s3fs-go/internal/s3client/multipart.go:94.23,96.3 1 0
github.com/s3fs-fuse/s3fs-go/internal/s3client/multipart.go:98.2,105.16 3 1
github.com/s3fs-fuse/s3fs-go/internal/s3client/multipart.go:105.16,107.3 1 0
github.com/s3fs-fuse/s3fs-go/internal/s3client/multipart.go:109.2,109.12 1 1
github.com/s3fs-fuse/s3fs-go/internal/s3client/multipart.go:113.89,114.23 1 1
github.com/s3fs-fuse/s3fs-go/internal/s3client/multipart.go:114.23,116.3 1 0
github.com/s3fs-fuse/s3fs-go/internal/s3client/multipart.go:119.2,119.41 1 1
github.com/s3fs-fuse/s3fs-go/internal/s3client/multipart.go:119.41,121.3 1 0
github.com/s3fs-fuse/s3fs-go/internal/s3client/multipart.go:124.2,125.16 2 1
github.com/s3fs-fuse/s3fs-go/internal/s3client/multipart.go:125.16,127.3 1 0
github.com/s3fs-fuse/s3fs-go/internal/s3client/multipart.go:130.2,134.41 4 1
github.com/s3fs-fuse/s3fs-go/internal/s3client/multipart.go:134.41,137.29 3 1
github.com/s3fs-fuse/s3fs-go/internal/s3client/multipart.go:137.29,139.4 1 1
github.com/s3fs-fuse/s3fs-go/internal/s3client/multipart.go:141.3,143.17 3 1
github.com/s3fs-fuse/s3fs-go/internal/s3client/multipart.go:143.17,147.4 2 0
github.com/s3fs-fuse/s3fs-go/internal/s3client/multipart.go:149.3,152.5 1 1
github.com/s3fs-fuse/s3fs-go/internal/s3client/multipart.go:156.2,157.16 2 1
github.com/s3fs-fuse/s3fs-go/internal/s3client/multipart.go:157.16,161.3 2 0
github.com/s3fs-fuse/s3fs-go/internal/s3client/multipart.go:163.2,163.12 1 1
github.com/s3fs-fuse/s3fs-go/internal/s3client/multipart.go:167.144,168.23 1 1
github.com/s3fs-fuse/s3fs-go/internal/s3client/multipart.go:168.23,170.3 1 0
github.com/s3fs-fuse/s3fs-go/internal/s3client/multipart.go:172.2,183.16 4 1
github.com/s3fs-fuse/s3fs-go/internal/s3client/multipart.go:183.16,185.3 1 0
github.com/s3fs-fuse/s3fs-go/internal/s3client/multipart.go:187.2,187.71 1 1
github.com/s3fs-fuse/s3fs-go/internal/s3client/multipart.go:187.71,189.3 1 0
github.com/s3fs-fuse/s3fs-go/internal/s3client/multipart.go:191.2,191.41 1 1
github.com/s3fs-fuse/s3fs-go/internal/s3client/multipart.go:195.92,196.23 1 1
github.com/s3fs-fuse/s3fs-go/internal/s3client/multipart.go:196.23,198.3 1 0
github.com/s3fs-fuse/s3fs-go/internal/s3client/multipart.go:201.2,202.16 2 1
github.com/s3fs-fuse/s3fs-go/internal/s3client/multipart.go:202.16,204.3 1 0
github.com/s3fs-fuse/s3fs-go/internal/s3client/multipart.go:207.2,207.35 1 1
github.com/s3fs-fuse/s3fs-go/internal/s3client/multipart.go:207.35,209.17 2 0
github.com/s3fs-fuse/s3fs-go/internal/s3client/multipart.go:209.17,211.4 1 0
github.com/s3fs-fuse/s3fs-go/internal/s3client/multipart.go:212.3,212.41 1 0
github.com/s3fs-fuse/s3fs-go/internal/s3client/multipart.go:216.2,217.16 2 1
github.com/s3fs-fuse/s3fs-go/internal/s3client/multipart.go:217.16,219.3 1 0
github.com/s3fs-fuse/s3fs-go/internal/s3client/multipart.go:222.2,226.41 4 1
github.com/s3fs-fuse/s3fs-go/internal/s3client/multipart.go:226.41,229.23 3 1
github.com/s3fs-fuse/s3fs-go/internal/s3client/multipart.go:229.23,231.4 1 1
github.com/s3fs-fuse/s3fs-go/internal/s3client/multipart.go:233.3,234.17 2 1
github.com/s3fs-fuse/s3fs-go/internal/s3client/multipart.go:234.17,238.4 2 0
github.com/s3fs-fuse/s3fs-go/internal/s3client/multipart.go:240.3,243.5 1 1
github.com/s3fs-fuse/s3fs-go/internal/s3client/multipart.go:247.2,248.16 2 1
github.com/s3fs-fuse/s3fs-go/internal/s3client/multipart.go:248.16,252.3 2 0
github.com/s3fs-fuse/s3fs-go/internal/s3client/multipart.go:254.2,254.12 1 1
